<?xml version="1.0" encoding="UTF-8"?>
<testng-results ignored="0" total="2" passed="2" failed="0" skipped="0">
  <reporter-output>
  </reporter-output>
  <suite started-at="2021-12-02T18:55:47 IST" name="Suite" finished-at="2021-12-02T18:56:04 IST" duration-ms="17023">
    <groups>
      <group name="cucumber">
        <method signature="AbstractTestNGCucumberTests.feature(cucumber.api.testng.CucumberFeatureWrapper)[pri:0, instance:runnerA.TestRunner@635eaaf1]" name="feature" class="cucumber.api.testng.AbstractTestNGCucumberTests"/>
        <method signature="AbstractTestNGCucumberTests.feature(cucumber.api.testng.CucumberFeatureWrapper)[pri:0, instance:runnerB.TestRunner@31d7b7bf]" name="feature" class="cucumber.api.testng.AbstractTestNGCucumberTests"/>
      </group> <!-- cucumber -->
    </groups>
    <test started-at="2021-12-02T18:55:47 IST" name="Test" finished-at="2021-12-02T18:56:04 IST" duration-ms="17023">
      <class name="runnerA.TestRunner">
        <test-method is-config="true" signature="setUpClass()[pri:0, instance:runnerA.TestRunner@635eaaf1]" started-at="2021-12-02T18:56:00 IST" name="setUpClass" finished-at="2021-12-02T18:56:00 IST" duration-ms="22" status="PASS">
          <reporter-output>
          </reporter-output>
        </test-method> <!-- setUpClass -->
        <test-method signature="feature(cucumber.api.testng.CucumberFeatureWrapper)[pri:0, instance:runnerA.TestRunner@635eaaf1]" started-at="2021-12-02T18:56:00 IST" name="feature" description="Runs Cucumber Feature" data-provider="features" finished-at="2021-12-02T18:56:04 IST" duration-ms="3877" status="PASS">
          <params>
            <param index="0">
              <value>
                <![CDATA[Admin Menu]]>
              </value>
            </param>
          </params>
          <reporter-output>
          </reporter-output>
        </test-method> <!-- feature -->
        <test-method is-config="true" signature="tearDownClass()[pri:0, instance:runnerA.TestRunner@635eaaf1]" started-at="2021-12-02T18:56:04 IST" name="tearDownClass" finished-at="2021-12-02T18:56:04 IST" duration-ms="160" status="PASS">
          <reporter-output>
          </reporter-output>
        </test-method> <!-- tearDownClass -->
      </class> <!-- runnerA.TestRunner -->
      <class name="runnerB.TestRunner">
        <test-method is-config="true" signature="setUpClass()[pri:0, instance:runnerB.TestRunner@31d7b7bf]" started-at="2021-12-02T18:55:47 IST" name="setUpClass" finished-at="2021-12-02T18:55:47 IST" duration-ms="184" status="PASS">
          <reporter-output>
          </reporter-output>
        </test-method> <!-- setUpClass -->
        <test-method signature="feature(cucumber.api.testng.CucumberFeatureWrapper)[pri:0, instance:runnerB.TestRunner@31d7b7bf]" started-at="2021-12-02T18:55:47 IST" name="feature" description="Runs Cucumber Feature" data-provider="features" finished-at="2021-12-02T18:56:00 IST" duration-ms="12254" status="PASS">
          <params>
            <param index="0">
              <value>
                <![CDATA[Login]]>
              </value>
            </param>
          </params>
          <reporter-output>
          </reporter-output>
        </test-method> <!-- feature -->
        <test-method is-config="true" signature="tearDownClass()[pri:0, instance:runnerB.TestRunner@31d7b7bf]" started-at="2021-12-02T18:56:00 IST" name="tearDownClass" finished-at="2021-12-02T18:56:00 IST" duration-ms="415" status="PASS">
          <reporter-output>
          </reporter-output>
        </test-method> <!-- tearDownClass -->
      </class> <!-- runnerB.TestRunner -->
    </test> <!-- Test -->
  </suite> <!-- Suite -->
</testng-results>
